C:\Users\lekso\AppData\Local\JetBrains\Toolbox\apps\CLion\ch-0\182.4505.18\bin\cmake\win\bin\cmake.exe -DCMAKE_BUILD_TYPE=Debug -DCMAKE_CXX_COMPILER=C:/MinGW/MinGW/bin/c++.exe -G "CodeBlocks - MinGW Makefiles" "C:\Users\lekso\Google Диск\ВУЗ\Programming\3 sem C++\task4\rational\lib_rational"
-- The C compiler identification is GNU 6.2.0
-- The CXX compiler identification is GNU 6.2.0
-- Check for working C compiler: C:/MinGW/MinGW/bin/gcc.exe
-- Check for working C compiler: C:/MinGW/MinGW/bin/gcc.exe -- broken
CMake Error at C:/Users/lekso/AppData/Local/JetBrains/Toolbox/apps/CLion/ch-0/182.4505.18/bin/cmake/win/share/cmake-3.12/Modules/CMakeTestCCompiler.cmake:52 (message):
  The C compiler

    "C:/MinGW/MinGW/bin/gcc.exe"

  is not able to compile a simple test program.

  It fails with the following output:

    Change Dir: C:/Users/lekso/Google Р”РёСЃРє/Р’РЈР—/Programming/3 sem C++/task4/rational/lib_rational/cmake-build-debug/CMakeFiles/CMakeTmp
    
    Run Build Command:"C:/MinGW/MinGW/bin/mingw32-make.exe" "cmTC_4bcdc/fast"
    C:/MinGW/MinGW/bin/mingw32-make.exe -f CMakeFiles\cmTC_4bcdc.dir\build.make CMakeFiles/cmTC_4bcdc.dir/build
    mingw32-make.exe[1]: Entering directory 'C:/Users/lekso/Google в”ЂС€С‘СЉ/в”¬в•™в•џ/Programming/3 sem C++/task4/rational/lib_rational/cmake-build-debug/CMakeFiles/CMakeTmp'
    Building C object CMakeFiles/cmTC_4bcdc.dir/testCCompiler.c.obj
    C:\MinGW\MinGW\bin\gcc.exe    -o CMakeFiles\cmTC_4bcdc.dir\testCCompiler.c.obj   -c "C:\Users\lekso\Google в•ЁР¤в•Ёв••в•¤Р‘в•Ёв•‘\в•ЁРўв•ЁРів•ЁР§\Programming\3 sem C++\task4\rational\lib_rational\cmake-build-debug\CMakeFiles\CMakeTmp\testCCompiler.c"
    gcc.exe: error: C:\Users\lekso\Google в•ЁР¤в•Ёв••в•¤Р‘в•Ёв•‘\в•ЁРўв•ЁРів•ЁР§\Programming\3 sem C++\task4\rational\lib_rational\cmake-build-debug\CMakeFiles\CMakeTmp\testCCompiler.c: No such file or directory
    gcc.exe: fatal error: no input files
    compilation terminated.
    CMakeFiles\cmTC_4bcdc.dir\build.make:64: recipe for target 'CMakeFiles/cmTC_4bcdc.dir/testCCompiler.c.obj' failed
    mingw32-make.exe[1]: *** [CMakeFiles/cmTC_4bcdc.dir/testCCompiler.c.obj] Error 1
    mingw32-make.exe[1]: Leaving directory 'C:/Users/lekso/Google в”ЂС€С‘СЉ/в”¬в•™в•џ/Programming/3 sem C++/task4/rational/lib_rational/cmake-build-debug/CMakeFiles/CMakeTmp'
    Makefile:120: recipe for target 'cmTC_4bcdc/fast' failed
    mingw32-make.exe: *** [cmTC_4bcdc/fast] Error 2
    

  

  CMake will not be able to correctly generate this project.
Call Stack (most recent call first):
  CMakeLists.txt:2 (project)


-- Configuring incomplete, errors occurred!
See also "C:/Users/lekso/Google Р”РёСЃРє/Р’РЈР—/Programming/3 sem C++/task4/rational/lib_rational/cmake-build-debug/CMakeFiles/CMakeOutput.log".
See also "C:/Users/lekso/Google Р”РёСЃРє/Р’РЈР—/Programming/3 sem C++/task4/rational/lib_rational/cmake-build-debug/CMakeFiles/CMakeError.log".
